tv-launcher/app/build/intermediates/manifest_merge_blame_file/release/processReleaseMainManifest/manifest-merger-blame-release-report.txt
1<?xml version="1.0" encoding="utf-8"?>
2<manifest xmlns:android="http://schemas.android.com/apk/res/android"
3    package="com.hotelvision.launcher"
4    android:versionCode="1"
5    android:versionName="1.0" >
6
7    <uses-sdk
8        android:minSdkVersion="23"
9        android:targetSdkVersion="35" />
10
11    <uses-feature
11-->src\main\AndroidManifest.xml:4:5-86
12        android:name="android.software.leanback"
12-->src\main\AndroidManifest.xml:4:19-59
13        android:required="true" />
13-->src\main\AndroidManifest.xml:4:60-83
14    <uses-feature
14-->src\main\AndroidManifest.xml:5:5-90
15        android:name="android.hardware.touchscreen"
15-->src\main\AndroidManifest.xml:5:19-62
16        android:required="false" />
16-->src\main\AndroidManifest.xml:5:63-87
17
18    <uses-permission android:name="android.permission.INTERNET" />
18-->src\main\AndroidManifest.xml:7:5-67
18-->src\main\AndroidManifest.xml:7:22-64
19    <uses-permission android:name="android.permission.ACCESS_NETWORK_STATE" />
19-->src\main\AndroidManifest.xml:8:5-79
19-->src\main\AndroidManifest.xml:8:22-76
20    <uses-permission android:name="android.permission.ACCESS_WIFI_STATE" />
20-->src\main\AndroidManifest.xml:9:5-76
20-->src\main\AndroidManifest.xml:9:22-73
21    <uses-permission android:name="android.permission.QUERY_ALL_PACKAGES" />
21-->src\main\AndroidManifest.xml:10:5-77
21-->src\main\AndroidManifest.xml:10:22-74
22    <uses-permission android:name="android.permission.RECEIVE_BOOT_COMPLETED" />
22-->src\main\AndroidManifest.xml:11:5-81
22-->src\main\AndroidManifest.xml:11:22-78
23    <uses-permission android:name="android.permission.WRITE_SETTINGS" />
23-->src\main\AndroidManifest.xml:12:5-109
23-->src\main\AndroidManifest.xml:12:22-70
24    <uses-permission android:name="com.android.providers.tv.permission.READ_EPG_DATA" />
24-->src\main\AndroidManifest.xml:13:5-89
24-->src\main\AndroidManifest.xml:13:22-86
25    <uses-permission android:name="com.android.providers.tv.permission.ACCESS_ALL_EPG_DATA" />
25-->src\main\AndroidManifest.xml:14:5-95
25-->src\main\AndroidManifest.xml:14:22-92
26    <uses-permission android:name="com.android.providers.tv.permission.WRITE_EPG_DATA" />
26-->[androidx.tvprovider:tvprovider:1.1.0] AndroidManifest.xml:22:5-90
26-->[androidx.tvprovider:tvprovider:1.1.0] AndroidManifest.xml:22:22-87
27    <uses-permission android:name="android.permission.WAKE_LOCK" />
27-->[androidx.work:work-runtime:2.9.1] AndroidManifest.xml:23:5-68
27-->[androidx.work:work-runtime:2.9.1] AndroidManifest.xml:23:22-65
28    <uses-permission android:name="android.permission.FOREGROUND_SERVICE" />
28-->[androidx.work:work-runtime:2.9.1] AndroidManifest.xml:26:5-77
28-->[androidx.work:work-runtime:2.9.1] AndroidManifest.xml:26:22-74
29
30    <permission
30-->[androidx.core:core:1.13.1] AndroidManifest.xml:22:5-24:47
31        android:name="com.hotelvision.launcher.DYNAMIC_RECEIVER_NOT_EXPORTED_PERMISSION"
31-->[androidx.core:core:1.13.1] AndroidManifest.xml:23:9-81
32        android:protectionLevel="signature" />
32-->[androidx.core:core:1.13.1] AndroidManifest.xml:24:9-44
33
34    <uses-permission android:name="com.hotelvision.launcher.DYNAMIC_RECEIVER_NOT_EXPORTED_PERMISSION" />
34-->[androidx.core:core:1.13.1] AndroidManifest.xml:26:5-97
34-->[androidx.core:core:1.13.1] AndroidManifest.xml:26:22-94
35
36    <application
36-->src\main\AndroidManifest.xml:16:5-82:19
37        android:name="com.hotelvision.launcher.HotelApp"
37-->src\main\AndroidManifest.xml:17:9-33
38        android:allowBackup="true"
38-->src\main\AndroidManifest.xml:18:9-35
39        android:appComponentFactory="androidx.core.app.CoreComponentFactory"
39-->[androidx.core:core:1.13.1] AndroidManifest.xml:28:18-86
40        android:banner="@drawable/ic_banner"
40-->src\main\AndroidManifest.xml:22:9-45
41        android:extractNativeLibs="false"
42        android:label="@string/app_name"
42-->src\main\AndroidManifest.xml:19:9-41
43        android:supportsRtl="true"
43-->src\main\AndroidManifest.xml:20:9-35
44        android:theme="@style/Theme.HotelVisionLauncher" >
44-->src\main\AndroidManifest.xml:21:9-57
45        <activity
45-->src\main\AndroidManifest.xml:24:9-40:20
46            android:name="com.hotelvision.launcher.MainActivity"
46-->src\main\AndroidManifest.xml:25:13-41
47            android:excludeFromRecents="true"
47-->src\main\AndroidManifest.xml:30:13-46
48            android:exported="true"
48-->src\main\AndroidManifest.xml:26:13-36
49            android:launchMode="singleTask"
49-->src\main\AndroidManifest.xml:28:13-44
50            android:stateNotNeeded="true"
50-->src\main\AndroidManifest.xml:29:13-42
51            android:theme="@style/Theme.HotelVisionLauncher.Starting" >
51-->src\main\AndroidManifest.xml:27:13-70
52            <intent-filter>
52-->src\main\AndroidManifest.xml:31:13-39:29
53                <action android:name="android.intent.action.MAIN" />
53-->src\main\AndroidManifest.xml:32:17-69
53-->src\main\AndroidManifest.xml:32:25-66
54
55                <category android:name="android.intent.category.HOME" />
55-->src\main\AndroidManifest.xml:33:17-73
55-->src\main\AndroidManifest.xml:33:27-70
56                <category android:name="android.intent.category.DEFAULT" />
56-->src\main\AndroidManifest.xml:34:17-76
56-->src\main\AndroidManifest.xml:34:27-73
57                <category android:name="android.intent.category.LAUNCHER" />
57-->src\main\AndroidManifest.xml:35:17-77
57-->src\main\AndroidManifest.xml:35:27-74
58                <category android:name="android.intent.category.LAUNCHER_APP" />
58-->src\main\AndroidManifest.xml:36:17-81
58-->src\main\AndroidManifest.xml:36:27-78
59                <category android:name="android.intent.category.LEANBACK_LAUNCHER" />
59-->src\main\AndroidManifest.xml:37:17-86
59-->src\main\AndroidManifest.xml:37:27-83
60                <category android:name="android.intent.category.MONKEY" />
60-->src\main\AndroidManifest.xml:38:17-75
60-->src\main\AndroidManifest.xml:38:27-72
61            </intent-filter>
62        </activity>
63
64        <!-- Phase 6: Screensaver — exits on any key press -->
65        <activity
65-->src\main\AndroidManifest.xml:43:9-49:45
66            android:name="com.hotelvision.launcher.ScreensaverActivity"
66-->src\main\AndroidManifest.xml:44:13-48
67            android:excludeFromRecents="true"
67-->src\main\AndroidManifest.xml:48:13-46
68            android:exported="false"
68-->src\main\AndroidManifest.xml:45:13-37
69            android:launchMode="singleTop"
69-->src\main\AndroidManifest.xml:47:13-43
70            android:stateNotNeeded="true"
70-->src\main\AndroidManifest.xml:49:13-42
71            android:theme="@style/Theme.HotelVisionLauncher" />
71-->src\main\AndroidManifest.xml:46:13-61
72
73        <provider
74            android:name="androidx.startup.InitializationProvider"
74-->src\main\AndroidManifest.xml:52:13-67
75            android:authorities="com.hotelvision.launcher.androidx-startup"
75-->src\main\AndroidManifest.xml:53:13-68
76            android:exported="false" >
76-->src\main\AndroidManifest.xml:54:13-37
77            <meta-data
77-->[androidx.emoji2:emoji2:1.3.0] AndroidManifest.xml:29:13-31:52
78                android:name="androidx.emoji2.text.EmojiCompatInitializer"
78-->[androidx.emoji2:emoji2:1.3.0] AndroidManifest.xml:30:17-75
79                android:value="androidx.startup" />
79-->[androidx.emoji2:emoji2:1.3.0] AndroidManifest.xml:31:17-49
80            <meta-data
80-->[androidx.lifecycle:lifecycle-process:2.8.7] AndroidManifest.xml:29:13-31:52
81                android:name="androidx.lifecycle.ProcessLifecycleInitializer"
81-->[androidx.lifecycle:lifecycle-process:2.8.7] AndroidManifest.xml:30:17-78
82                android:value="androidx.startup" />
82-->[androidx.lifecycle:lifecycle-process:2.8.7] AndroidManifest.xml:31:17-49
83            <meta-data
83-->[androidx.profileinstaller:profileinstaller:1.4.1] AndroidManifest.xml:29:13-31:52
84                android:name="androidx.profileinstaller.ProfileInstallerInitializer"
84-->[androidx.profileinstaller:profileinstaller:1.4.1] AndroidManifest.xml:30:17-85
85                android:value="androidx.startup" />
85-->[androidx.profileinstaller:profileinstaller:1.4.1] AndroidManifest.xml:31:17-49
86        </provider>
87
88        <!--
89             Checkout reset receiver — trigger via ADB for testing:
90             adb shell am broadcast -a com.hotelvision.launcher.ACTION_CHECKOUT
91        -->
92        <receiver
92-->src\main\AndroidManifest.xml:64:9-70:20
93            android:name="com.hotelvision.launcher.data.session.CheckoutBroadcastReceiver"
93-->src\main\AndroidManifest.xml:65:13-67
94            android:exported="true" >
94-->src\main\AndroidManifest.xml:66:13-36
95            <intent-filter>
95-->src\main\AndroidManifest.xml:67:13-69:29
96                <action android:name="com.hotelvision.launcher.ACTION_CHECKOUT" />
96-->src\main\AndroidManifest.xml:68:17-83
96-->src\main\AndroidManifest.xml:68:25-80
97            </intent-filter>
98        </receiver>
99        <receiver
99-->src\main\AndroidManifest.xml:72:9-80:20
100            android:name="com.hotelvision.launcher.setup.DefaultLauncherBootReceiver"
100-->src\main\AndroidManifest.xml:73:13-62
101            android:enabled="true"
101-->src\main\AndroidManifest.xml:74:13-35
102            android:exported="false" >
102-->src\main\AndroidManifest.xml:75:13-37
103            <intent-filter>
103-->src\main\AndroidManifest.xml:76:13-79:29
104                <action android:name="android.intent.action.BOOT_COMPLETED" />
104-->src\main\AndroidManifest.xml:77:17-79
104-->src\main\AndroidManifest.xml:77:25-76
105                <action android:name="android.intent.action.LOCKED_BOOT_COMPLETED" />
105-->src\main\AndroidManifest.xml:78:17-86
105-->src\main\AndroidManifest.xml:78:25-83
106            </intent-filter>
107        </receiver>
108
109        <service
109-->[androidx.work:work-runtime:2.9.1] AndroidManifest.xml:39:9-45:35
110            android:name="androidx.work.impl.background.systemalarm.SystemAlarmService"
110-->[androidx.work:work-runtime:2.9.1] AndroidManifest.xml:40:13-88
111            android:directBootAware="false"
111-->[androidx.work:work-runtime:2.9.1] AndroidManifest.xml:41:13-44
112            android:enabled="@bool/enable_system_alarm_service_default"
112-->[androidx.work:work-runtime:2.9.1] AndroidManifest.xml:42:13-72
113            android:exported="false" />
113-->[androidx.work:work-runtime:2.9.1] AndroidManifest.xml:43:13-37
114        <service
114-->[androidx.work:work-runtime:2.9.1] AndroidManifest.xml:46:9-52:35
115            android:name="androidx.work.impl.background.systemjob.SystemJobService"
115-->[androidx.work:work-runtime:2.9.1] AndroidManifest.xml:47:13-84
116            android:directBootAware="false"
116-->[androidx.work:work-runtime:2.9.1] AndroidManifest.xml:48:13-44
117            android:enabled="@bool/enable_system_job_service_default"
117-->[androidx.work:work-runtime:2.9.1] AndroidManifest.xml:49:13-70
118            android:exported="true"
118-->[androidx.work:work-runtime:2.9.1] AndroidManifest.xml:50:13-36
119            android:permission="android.permission.BIND_JOB_SERVICE" />
119-->[androidx.work:work-runtime:2.9.1] AndroidManifest.xml:51:13-69
120        <service
120-->[androidx.work:work-runtime:2.9.1] AndroidManifest.xml:53:9-59:35
121            android:name="androidx.work.impl.foreground.SystemForegroundService"
121-->[androidx.work:work-runtime:2.9.1] AndroidManifest.xml:54:13-81
122            android:directBootAware="false"
122-->[androidx.work:work-runtime:2.9.1] AndroidManifest.xml:55:13-44
123            android:enabled="@bool/enable_system_foreground_service_default"
123-->[androidx.work:work-runtime:2.9.1] AndroidManifest.xml:56:13-77
124            android:exported="false" />
124-->[androidx.work:work-runtime:2.9.1] AndroidManifest.xml:57:13-37
125
126        <receiver
126-->[androidx.work:work-runtime:2.9.1] AndroidManifest.xml:61:9-66:35
127            android:name="androidx.work.impl.utils.ForceStopRunnable$BroadcastReceiver"
127-->[androidx.work:work-runtime:2.9.1] AndroidManifest.xml:62:13-88
128            android:directBootAware="false"
128-->[androidx.work:work-runtime:2.9.1] AndroidManifest.xml:63:13-44
129            android:enabled="true"
129-->[androidx.work:work-runtime:2.9.1] AndroidManifest.xml:64:13-35
130            android:exported="false" />
130-->[androidx.work:work-runtime:2.9.1] AndroidManifest.xml:65:13-37
131        <receiver
131-->[androidx.work:work-runtime:2.9.1] AndroidManifest.xml:67:9-77:20
132            android:name="androidx.work.impl.background.systemalarm.ConstraintProxy$BatteryChargingProxy"
132-->[androidx.work:work-runtime:2.9.1] AndroidManifest.xml:68:13-106
133            android:directBootAware="false"
133-->[androidx.work:work-runtime:2.9.1] AndroidManifest.xml:69:13-44
134            android:enabled="false"
134-->[androidx.work:work-runtime:2.9.1] AndroidManifest.xml:70:13-36
135            android:exported="false" >
135-->[androidx.work:work-runtime:2.9.1] AndroidManifest.xml:71:13-37
136            <intent-filter>
136-->[androidx.work:work-runtime:2.9.1] AndroidManifest.xml:73:13-76:29
137                <action android:name="android.intent.action.ACTION_POWER_CONNECTED" />
137-->[androidx.work:work-runtime:2.9.1] AndroidManifest.xml:74:17-87
137-->[androidx.work:work-runtime:2.9.1] AndroidManifest.xml:74:25-84
138                <action android:name="android.intent.action.ACTION_POWER_DISCONNECTED" />
138-->[androidx.work:work-runtime:2.9.1] AndroidManifest.xml:75:17-90
138-->[androidx.work:work-runtime:2.9.1] AndroidManifest.xml:75:25-87
139            </intent-filter>
140        </receiver>
141        <receiver
141-->[androidx.work:work-runtime:2.9.1] AndroidManifest.xml:78:9-88:20
142            android:name="androidx.work.impl.background.systemalarm.ConstraintProxy$BatteryNotLowProxy"
142-->[androidx.work:work-runtime:2.9.1] AndroidManifest.xml:79:13-104
143            android:directBootAware="false"
143-->[androidx.work:work-runtime:2.9.1] AndroidManifest.xml:80:13-44
144            android:enabled="false"
144-->[androidx.work:work-runtime:2.9.1] AndroidManifest.xml:81:13-36
145            android:exported="false" >
145-->[androidx.work:work-runtime:2.9.1] AndroidManifest.xml:82:13-37
146            <intent-filter>
146-->[androidx.work:work-runtime:2.9.1] AndroidManifest.xml:84:13-87:29
147                <action android:name="android.intent.action.BATTERY_OKAY" />
147-->[androidx.work:work-runtime:2.9.1] AndroidManifest.xml:85:17-77
147-->[androidx.work:work-runtime:2.9.1] AndroidManifest.xml:85:25-74
148                <action android:name="android.intent.action.BATTERY_LOW" />
148-->[androidx.work:work-runtime:2.9.1] AndroidManifest.xml:86:17-76
148-->[androidx.work:work-runtime:2.9.1] AndroidManifest.xml:86:25-73
149            </intent-filter>
150        </receiver>
151        <receiver
151-->[androidx.work:work-runtime:2.9.1] AndroidManifest.xml:89:9-99:20
152            android:name="androidx.work.impl.background.systemalarm.ConstraintProxy$StorageNotLowProxy"
152-->[androidx.work:work-runtime:2.9.1] AndroidManifest.xml:90:13-104
153            android:directBootAware="false"
153-->[androidx.work:work-runtime:2.9.1] AndroidManifest.xml:91:13-44
154            android:enabled="false"
154-->[androidx.work:work-runtime:2.9.1] AndroidManifest.xml:92:13-36
155            android:exported="false" >
155-->[androidx.work:work-runtime:2.9.1] AndroidManifest.xml:93:13-37
156            <intent-filter>
156-->[androidx.work:work-runtime:2.9.1] AndroidManifest.xml:95:13-98:29
157                <action android:name="android.intent.action.DEVICE_STORAGE_LOW" />
157-->[androidx.work:work-runtime:2.9.1] AndroidManifest.xml:96:17-83
157-->[androidx.work:work-runtime:2.9.1] AndroidManifest.xml:96:25-80
158                <action android:name="android.intent.action.DEVICE_STORAGE_OK" />
158-->[androidx.work:work-runtime:2.9.1] AndroidManifest.xml:97:17-82
158-->[androidx.work:work-runtime:2.9.1] AndroidManifest.xml:97:25-79
159            </intent-filter>
160        </receiver>
161        <receiver
161-->[androidx.work:work-runtime:2.9.1] AndroidManifest.xml:100:9-109:20
162            android:name="androidx.work.impl.background.systemalarm.ConstraintProxy$NetworkStateProxy"
162-->[androidx.work:work-runtime:2.9.1] AndroidManifest.xml:101:13-103
163            android:directBootAware="false"
163-->[androidx.work:work-runtime:2.9.1] AndroidManifest.xml:102:13-44
164            android:enabled="false"
164-->[androidx.work:work-runtime:2.9.1] AndroidManifest.xml:103:13-36
165            android:exported="false" >
165-->[androidx.work:work-runtime:2.9.1] AndroidManifest.xml:104:13-37
166            <intent-filter>
166-->[androidx.work:work-runtime:2.9.1] AndroidManifest.xml:106:13-108:29
167                <action android:name="android.net.conn.CONNECTIVITY_CHANGE" />
167-->[androidx.work:work-runtime:2.9.1] AndroidManifest.xml:107:17-79
167-->[androidx.work:work-runtime:2.9.1] AndroidManifest.xml:107:25-76
168            </intent-filter>
169        </receiver>
170        <receiver
170-->[androidx.work:work-runtime:2.9.1] AndroidManifest.xml:110:9-121:20
171            android:name="androidx.work.impl.background.systemalarm.RescheduleReceiver"
171-->[androidx.work:work-runtime:2.9.1] AndroidManifest.xml:111:13-88
172            android:directBootAware="false"
172-->[androidx.work:work-runtime:2.9.1] AndroidManifest.xml:112:13-44
173            android:enabled="false"
173-->[androidx.work:work-runtime:2.9.1] AndroidManifest.xml:113:13-36
174            android:exported="false" >
174-->[androidx.work:work-runtime:2.9.1] AndroidManifest.xml:114:13-37
175            <intent-filter>
175-->[androidx.work:work-runtime:2.9.1] AndroidManifest.xml:116:13-120:29
176                <action android:name="android.intent.action.BOOT_COMPLETED" />
176-->src\main\AndroidManifest.xml:77:17-79
176-->src\main\AndroidManifest.xml:77:25-76
177                <action android:name="android.intent.action.TIME_SET" />
177-->[androidx.work:work-runtime:2.9.1] AndroidManifest.xml:118:17-73
177-->[androidx.work:work-runtime:2.9.1] AndroidManifest.xml:118:25-70
178                <action android:name="android.intent.action.TIMEZONE_CHANGED" />
178-->[androidx.work:work-runtime:2.9.1] AndroidManifest.xml:119:17-81
178-->[androidx.work:work-runtime:2.9.1] AndroidManifest.xml:119:25-78
179            </intent-filter>
180        </receiver>
181        <receiver
181-->[androidx.work:work-runtime:2.9.1] AndroidManifest.xml:122:9-131:20
182            android:name="androidx.work.impl.background.systemalarm.ConstraintProxyUpdateReceiver"
182-->[androidx.work:work-runtime:2.9.1] AndroidManifest.xml:123:13-99
183            android:directBootAware="false"
183-->[androidx.work:work-runtime:2.9.1] AndroidManifest.xml:124:13-44
184            android:enabled="@bool/enable_system_alarm_service_default"
184-->[androidx.work:work-runtime:2.9.1] AndroidManifest.xml:125:13-72
185            android:exported="false" >
185-->[androidx.work:work-runtime:2.9.1] AndroidManifest.xml:126:13-37
186            <intent-filter>
186-->[androidx.work:work-runtime:2.9.1] AndroidManifest.xml:128:13-130:29
187                <action android:name="androidx.work.impl.background.systemalarm.UpdateProxies" />
187-->[androidx.work:work-runtime:2.9.1] AndroidManifest.xml:129:17-98
187-->[androidx.work:work-runtime:2.9.1] AndroidManifest.xml:129:25-95
188            </intent-filter>
189        </receiver>
190        <receiver
190-->[androidx.work:work-runtime:2.9.1] AndroidManifest.xml:132:9-142:20
191            android:name="androidx.work.impl.diagnostics.DiagnosticsReceiver"
191-->[androidx.work:work-runtime:2.9.1] AndroidManifest.xml:133:13-78
192            android:directBootAware="false"
192-->[androidx.work:work-runtime:2.9.1] AndroidManifest.xml:134:13-44
193            android:enabled="true"
193-->[androidx.work:work-runtime:2.9.1] AndroidManifest.xml:135:13-35
194            android:exported="true"
194-->[androidx.work:work-runtime:2.9.1] AndroidManifest.xml:136:13-36
195            android:permission="android.permission.DUMP" >
195-->[androidx.work:work-runtime:2.9.1] AndroidManifest.xml:137:13-57
196            <intent-filter>
196-->[androidx.work:work-runtime:2.9.1] AndroidManifest.xml:139:13-141:29
197                <action android:name="androidx.work.diagnostics.REQUEST_DIAGNOSTICS" />
197-->[androidx.work:work-runtime:2.9.1] AndroidManifest.xml:140:17-88
197-->[androidx.work:work-runtime:2.9.1] AndroidManifest.xml:140:25-85
198            </intent-filter>
199        </receiver>
200
201        <service
201-->[androidx.room:room-runtime:2.6.1] AndroidManifest.xml:24:9-28:63
202            android:name="androidx.room.MultiInstanceInvalidationService"
202-->[androidx.room:room-runtime:2.6.1] AndroidManifest.xml:25:13-74
203            android:directBootAware="true"
203-->[androidx.room:room-runtime:2.6.1] AndroidManifest.xml:26:13-43
204            android:exported="false" />
204-->[androidx.room:room-runtime:2.6.1] AndroidManifest.xml:27:13-37
205
206        <receiver
206-->[androidx.profileinstaller:profileinstaller:1.4.1] AndroidManifest.xml:34:9-52:20
207            android:name="androidx.profileinstaller.ProfileInstallReceiver"
207-->[androidx.profileinstaller:profileinstaller:1.4.1] AndroidManifest.xml:35:13-76
208            android:directBootAware="false"
208-->[androidx.profileinstaller:profileinstaller:1.4.1] AndroidManifest.xml:36:13-44
209            android:enabled="true"
209-->[androidx.profileinstaller:profileinstaller:1.4.1] AndroidManifest.xml:37:13-35
210            android:exported="true"
210-->[androidx.profileinstaller:profileinstaller:1.4.1] AndroidManifest.xml:38:13-36
211            android:permission="android.permission.DUMP" >
211-->[androidx.profileinstaller:profileinstaller:1.4.1] AndroidManifest.xml:39:13-57
212            <intent-filter>
212-->[androidx.profileinstaller:profileinstaller:1.4.1] AndroidManifest.xml:40:13-42:29
213                <action android:name="androidx.profileinstaller.action.INSTALL_PROFILE" />
213-->[androidx.profileinstaller:profileinstaller:1.4.1] AndroidManifest.xml:41:17-91
213-->[androidx.profileinstaller:profileinstaller:1.4.1] AndroidManifest.xml:41:25-88
214            </intent-filter>
215            <intent-filter>
215-->[androidx.profileinstaller:profileinstaller:1.4.1] AndroidManifest.xml:43:13-45:29
216                <action android:name="androidx.profileinstaller.action.SKIP_FILE" />
216-->[androidx.profileinstaller:profileinstaller:1.4.1] AndroidManifest.xml:44:17-85
216-->[androidx.profileinstaller:profileinstaller:1.4.1] AndroidManifest.xml:44:25-82
217            </intent-filter>
218            <intent-filter>
218-->[androidx.profileinstaller:profileinstaller:1.4.1] AndroidManifest.xml:46:13-48:29
219                <action android:name="androidx.profileinstaller.action.SAVE_PROFILE" />
219-->[androidx.profileinstaller:profileinstaller:1.4.1] AndroidManifest.xml:47:17-88
219-->[androidx.profileinstaller:profileinstaller:1.4.1] AndroidManifest.xml:47:25-85
220            </intent-filter>
221            <intent-filter>
221-->[androidx.profileinstaller:profileinstaller:1.4.1] AndroidManifest.xml:49:13-51:29
222                <action android:name="androidx.profileinstaller.action.BENCHMARK_OPERATION" />
222-->[androidx.profileinstaller:profileinstaller:1.4.1] AndroidManifest.xml:50:17-95
222-->[androidx.profileinstaller:profileinstaller:1.4.1] AndroidManifest.xml:50:25-92
223            </intent-filter>
224        </receiver>
225    </application>
226
227</manifest>